#! /usr/local/Cellar/icarus-verilog/12.0/bin/vvp
:ivl_version "12.0 (stable)";
:ivl_delay_selection "TYPICAL";
:vpi_time_precision - 12;
:vpi_module "/usr/local/Cellar/icarus-verilog/12.0/lib/ivl/system.vpi";
:vpi_module "/usr/local/Cellar/icarus-verilog/12.0/lib/ivl/vhdl_sys.vpi";
:vpi_module "/usr/local/Cellar/icarus-verilog/12.0/lib/ivl/vhdl_textio.vpi";
:vpi_module "/usr/local/Cellar/icarus-verilog/12.0/lib/ivl/v2005_math.vpi";
:vpi_module "/usr/local/Cellar/icarus-verilog/12.0/lib/ivl/va_math.vpi";
:vpi_module "/usr/local/Cellar/icarus-verilog/12.0/lib/ivl/v2009.vpi";
S_0x7fc65480bee0 .scope package, "$unit" "$unit" 2 1;
 .timescale 0 0;
S_0x7fc65480c060 .scope module, "bf16_multiplier_tb" "bf16_multiplier_tb" 3 4;
 .timescale -9 -12;
v0x7fc65481ff70_0 .var "a", 15 0;
v0x7fc654820040_0 .var "b", 15 0;
v0x7fc6548200f0_0 .var "clk", 0 0;
v0x7fc6548201c0_0 .var/2s "edge_passed", 31 0;
v0x7fc654820250_0 .var/2s "edge_total", 31 0;
v0x7fc654820330_0 .var "expected_result", 15 0;
v0x7fc6548203e0_0 .var/2s "failed_tests", 31 0;
v0x7fc654820490_0 .var/2s "normal_passed", 31 0;
v0x7fc654820540_0 .var/2s "normal_total", 31 0;
v0x7fc654820650_0 .var/2s "passed_tests", 31 0;
v0x7fc654820700 .array "pipeline_a", 2 0, 15 0;
v0x7fc6548207a0 .array "pipeline_b", 2 0, 15 0;
v0x7fc654820840_0 .net "result", 15 0, v0x7fc65481ebb0_0;  1 drivers
v0x7fc654820900_0 .var "rst_n", 0 0;
v0x7fc654820990_0 .var/2s "special_passed", 31 0;
v0x7fc654820a20_0 .var/2s "special_total", 31 0;
v0x7fc654820ab0_0 .var/2s "total_tests", 31 0;
S_0x7fc65480c1d0 .scope function.vec4.s16, "calculate_bf16_multiply" "calculate_bf16_multiply" 3 227, 3 227 0, S_0x7fc65480c060;
 .timescale -9 -12;
v0x7fc6548076b0_0 .var "a", 15 0;
v0x7fc65481c140_0 .var "a_exp", 7 0;
v0x7fc65481c1e0_0 .var "a_mant", 6 0;
v0x7fc65481c290_0 .var "a_sign", 0 0;
v0x7fc65481c330_0 .var "b", 15 0;
v0x7fc65481c420_0 .var "b_exp", 7 0;
v0x7fc65481c4d0_0 .var "b_mant", 6 0;
v0x7fc65481c580_0 .var "b_sign", 0 0;
; Variable calculate_bf16_multiply is vec4 return value of scope S_0x7fc65480c1d0
v0x7fc65481c730_0 .var "mult_result", 13 0;
v0x7fc65481c7e0_0 .var "result_exp", 7 0;
v0x7fc65481c890_0 .var "result_mant", 6 0;
v0x7fc65481c940_0 .var "result_sign", 0 0;
TD_bf16_multiplier_tb.calculate_bf16_multiply ;
    %load/vec4 v0x7fc6548076b0_0;
    %parti/s 1, 15, 5;
    %store/vec4 v0x7fc65481c290_0, 0, 1;
    %load/vec4 v0x7fc65481c330_0;
    %parti/s 1, 15, 5;
    %store/vec4 v0x7fc65481c580_0, 0, 1;
    %load/vec4 v0x7fc6548076b0_0;
    %parti/s 8, 7, 4;
    %store/vec4 v0x7fc65481c140_0, 0, 8;
    %load/vec4 v0x7fc65481c330_0;
    %parti/s 8, 7, 4;
    %store/vec4 v0x7fc65481c420_0, 0, 8;
    %load/vec4 v0x7fc6548076b0_0;
    %parti/s 7, 0, 2;
    %store/vec4 v0x7fc65481c1e0_0, 0, 7;
    %load/vec4 v0x7fc65481c330_0;
    %parti/s 7, 0, 2;
    %store/vec4 v0x7fc65481c4d0_0, 0, 7;
    %load/vec4 v0x7fc65481c140_0;
    %cmpi/e 255, 0, 8;
    %jmp/1 T_0.2, 4;
    %flag_mov 8, 4;
    %load/vec4 v0x7fc65481c420_0;
    %cmpi/e 255, 0, 8;
    %flag_or 4, 8;
T_0.2;
    %jmp/0xz  T_0.0, 4;
    %load/vec4 v0x7fc65481c1e0_0;
    %pad/u 32;
    %cmpi/ne 0, 0, 32;
    %jmp/1 T_0.5, 4;
    %flag_mov 8, 4;
    %load/vec4 v0x7fc65481c4d0_0;
    %pad/u 32;
    %cmpi/ne 0, 0, 32;
    %flag_or 4, 8;
T_0.5;
    %jmp/0xz  T_0.3, 4;
    %pushi/vec4 32704, 0, 16;
    %ret/vec4 0, 0, 16;  Assign to calculate_bf16_multiply (store_vec4_to_lval)
    %jmp T_0.4;
T_0.3 ;
    %load/vec4 v0x7fc65481c140_0;
    %cmpi/e 255, 0, 8;
    %flag_get/vec4 4;
    %jmp/0 T_0.9, 4;
    %load/vec4 v0x7fc65481c4d0_0;
    %pad/u 32;
    %pushi/vec4 0, 0, 32;
    %cmp/e;
    %flag_get/vec4 4;
    %and;
T_0.9;
    %flag_set/vec4 8;
    %jmp/1 T_0.8, 8;
    %load/vec4 v0x7fc65481c420_0;
    %cmpi/e 255, 0, 8;
    %flag_get/vec4 4;
    %jmp/0 T_0.10, 4;
    %load/vec4 v0x7fc65481c1e0_0;
    %pad/u 32;
    %pushi/vec4 0, 0, 32;
    %cmp/e;
    %flag_get/vec4 4;
    %and;
T_0.10;
    %flag_set/vec4 9;
    %flag_or 8, 9;
T_0.8;
    %jmp/0xz  T_0.6, 8;
    %load/vec4 v0x7fc65481c290_0;
    %load/vec4 v0x7fc65481c580_0;
    %xor;
    %concati/vec4 255, 0, 8;
    %concati/vec4 0, 0, 7;
    %ret/vec4 0, 0, 16;  Assign to calculate_bf16_multiply (store_vec4_to_lval)
    %jmp T_0.7;
T_0.6 ;
    %pushi/vec4 32704, 0, 16;
    %ret/vec4 0, 0, 16;  Assign to calculate_bf16_multiply (store_vec4_to_lval)
T_0.7 ;
T_0.4 ;
    %jmp T_0.1;
T_0.0 ;
    %load/vec4 v0x7fc65481c140_0;
    %pad/u 32;
    %cmpi/e 0, 0, 32;
    %jmp/1 T_0.13, 4;
    %flag_mov 8, 4;
    %load/vec4 v0x7fc65481c420_0;
    %pad/u 32;
    %cmpi/e 0, 0, 32;
    %flag_or 4, 8;
T_0.13;
    %jmp/0xz  T_0.11, 4;
    %load/vec4 v0x7fc65481c290_0;
    %load/vec4 v0x7fc65481c580_0;
    %xor;
    %concati/vec4 0, 0, 8;
    %concati/vec4 0, 0, 7;
    %ret/vec4 0, 0, 16;  Assign to calculate_bf16_multiply (store_vec4_to_lval)
    %jmp T_0.12;
T_0.11 ;
    %load/vec4 v0x7fc65481c290_0;
    %load/vec4 v0x7fc65481c580_0;
    %xor;
    %store/vec4 v0x7fc65481c940_0, 0, 1;
    %load/vec4 v0x7fc65481c140_0;
    %load/vec4 v0x7fc65481c420_0;
    %add;
    %subi 127, 0, 8;
    %store/vec4 v0x7fc65481c7e0_0, 0, 8;
    %pushi/vec4 1, 0, 1;
    %load/vec4 v0x7fc65481c1e0_0;
    %concat/vec4; draw_concat_vec4
    %pad/u 14;
    %pushi/vec4 1, 0, 1;
    %load/vec4 v0x7fc65481c4d0_0;
    %concat/vec4; draw_concat_vec4
    %pad/u 14;
    %mul;
    %store/vec4 v0x7fc65481c730_0, 0, 14;
    %load/vec4 v0x7fc65481c730_0;
    %parti/s 1, 13, 5;
    %flag_set/vec4 8;
    %jmp/0xz  T_0.14, 8;
    %load/vec4 v0x7fc65481c7e0_0;
    %addi 1, 0, 8;
    %store/vec4 v0x7fc65481c7e0_0, 0, 8;
    %load/vec4 v0x7fc65481c730_0;
    %parti/s 7, 7, 4;
    %store/vec4 v0x7fc65481c890_0, 0, 7;
    %jmp T_0.15;
T_0.14 ;
    %load/vec4 v0x7fc65481c730_0;
    %parti/s 7, 6, 4;
    %store/vec4 v0x7fc65481c890_0, 0, 7;
T_0.15 ;
    %load/vec4 v0x7fc65481c7e0_0;
    %parti/s 1, 7, 4;
    %flag_set/vec4 9;
    %flag_get/vec4 9;
    %jmp/0 T_0.18, 9;
    %load/vec4 v0x7fc65481c7e0_0;
    %parti/s 1, 6, 4;
    %nor/r;
    %and;
T_0.18;
    %flag_set/vec4 8;
    %jmp/0xz  T_0.16, 8;
    %load/vec4 v0x7fc65481c940_0;
    %concati/vec4 0, 0, 8;
    %concati/vec4 0, 0, 7;
    %ret/vec4 0, 0, 16;  Assign to calculate_bf16_multiply (store_vec4_to_lval)
    %jmp T_0.17;
T_0.16 ;
    %load/vec4 v0x7fc65481c7e0_0;
    %parti/s 1, 7, 4;
    %nor/r;
    %flag_set/vec4 9;
    %flag_get/vec4 9;
    %jmp/0 T_0.21, 9;
    %load/vec4 v0x7fc65481c7e0_0;
    %parti/s 1, 6, 4;
    %and;
T_0.21;
    %flag_set/vec4 8;
    %jmp/0xz  T_0.19, 8;
    %load/vec4 v0x7fc65481c940_0;
    %concati/vec4 255, 0, 8;
    %concati/vec4 0, 0, 7;
    %ret/vec4 0, 0, 16;  Assign to calculate_bf16_multiply (store_vec4_to_lval)
    %jmp T_0.20;
T_0.19 ;
    %load/vec4 v0x7fc65481c940_0;
    %load/vec4 v0x7fc65481c7e0_0;
    %concat/vec4; draw_concat_vec4
    %load/vec4 v0x7fc65481c890_0;
    %concat/vec4; draw_concat_vec4
    %ret/vec4 0, 0, 16;  Assign to calculate_bf16_multiply (store_vec4_to_lval)
T_0.20 ;
T_0.17 ;
T_0.12 ;
T_0.1 ;
    %end;
S_0x7fc65481c9e0 .scope module, "dut" "bf16_multiplier" 3 36, 4 1 0, S_0x7fc65480c060;
 .timescale 0 0;
    .port_info 0 /INPUT 1 "clk";
    .port_info 1 /INPUT 1 "rst_n";
    .port_info 2 /INPUT 16 "a";
    .port_info 3 /INPUT 16 "b";
    .port_info 4 /OUTPUT 16 "result";
L_0x7fc654821410 .functor AND 1, L_0x7fc6548211d0, L_0x7fc6548212f0, C4<1>, C4<1>;
L_0x7fc654821750 .functor AND 1, L_0x7fc654821500, L_0x7fc654821670, C4<1>, C4<1>;
L_0x7fc654821a60 .functor AND 1, L_0x7fc654821880, L_0x7fc6548219c0, C4<1>, C4<1>;
L_0x7fc654821d60 .functor AND 1, L_0x7fc654821b50, L_0x7fc654821cc0, C4<1>, C4<1>;
L_0x7fc654821c50 .functor AND 1, L_0x7fc654821ef0, L_0x7fc654822090, C4<1>, C4<1>;
L_0x7fc6548224b0 .functor AND 1, L_0x7fc654822260, L_0x7fc654822410, C4<1>, C4<1>;
L_0x7fc648040008 .functor BUFT 1, C4<00000000>, C4<0>, C4<0>, C4<0>;
v0x7fc65481cfb0_0 .net/2u *"_ivl_12", 7 0, L_0x7fc648040008;  1 drivers
v0x7fc65481d070_0 .net *"_ivl_14", 0 0, L_0x7fc6548211d0;  1 drivers
L_0x7fc648040050 .functor BUFT 1, C4<0000000>, C4<0>, C4<0>, C4<0>;
v0x7fc65481d110_0 .net/2u *"_ivl_16", 6 0, L_0x7fc648040050;  1 drivers
v0x7fc65481d1d0_0 .net *"_ivl_18", 0 0, L_0x7fc6548212f0;  1 drivers
L_0x7fc648040098 .functor BUFT 1, C4<00000000>, C4<0>, C4<0>, C4<0>;
v0x7fc65481d270_0 .net/2u *"_ivl_22", 7 0, L_0x7fc648040098;  1 drivers
v0x7fc65481d360_0 .net *"_ivl_24", 0 0, L_0x7fc654821500;  1 drivers
L_0x7fc6480400e0 .functor BUFT 1, C4<0000000>, C4<0>, C4<0>, C4<0>;
v0x7fc65481d400_0 .net/2u *"_ivl_26", 6 0, L_0x7fc6480400e0;  1 drivers
v0x7fc65481d4b0_0 .net *"_ivl_28", 0 0, L_0x7fc654821670;  1 drivers
L_0x7fc648040128 .functor BUFT 1, C4<11111111>, C4<0>, C4<0>, C4<0>;
v0x7fc65481d550_0 .net/2u *"_ivl_32", 7 0, L_0x7fc648040128;  1 drivers
v0x7fc65481d660_0 .net *"_ivl_34", 0 0, L_0x7fc654821880;  1 drivers
L_0x7fc648040170 .functor BUFT 1, C4<0000000>, C4<0>, C4<0>, C4<0>;
v0x7fc65481d700_0 .net/2u *"_ivl_36", 6 0, L_0x7fc648040170;  1 drivers
v0x7fc65481d7b0_0 .net *"_ivl_38", 0 0, L_0x7fc6548219c0;  1 drivers
L_0x7fc6480401b8 .functor BUFT 1, C4<11111111>, C4<0>, C4<0>, C4<0>;
v0x7fc65481d850_0 .net/2u *"_ivl_42", 7 0, L_0x7fc6480401b8;  1 drivers
v0x7fc65481d900_0 .net *"_ivl_44", 0 0, L_0x7fc654821b50;  1 drivers
L_0x7fc648040200 .functor BUFT 1, C4<0000000>, C4<0>, C4<0>, C4<0>;
v0x7fc65481d9a0_0 .net/2u *"_ivl_46", 6 0, L_0x7fc648040200;  1 drivers
v0x7fc65481da50_0 .net *"_ivl_48", 0 0, L_0x7fc654821cc0;  1 drivers
L_0x7fc648040248 .functor BUFT 1, C4<11111111>, C4<0>, C4<0>, C4<0>;
v0x7fc65481daf0_0 .net/2u *"_ivl_52", 7 0, L_0x7fc648040248;  1 drivers
v0x7fc65481dc80_0 .net *"_ivl_54", 0 0, L_0x7fc654821ef0;  1 drivers
L_0x7fc648040290 .functor BUFT 1, C4<0000000>, C4<0>, C4<0>, C4<0>;
v0x7fc65481dd10_0 .net/2u *"_ivl_56", 6 0, L_0x7fc648040290;  1 drivers
v0x7fc65481ddb0_0 .net *"_ivl_58", 0 0, L_0x7fc654822090;  1 drivers
L_0x7fc6480402d8 .functor BUFT 1, C4<11111111>, C4<0>, C4<0>, C4<0>;
v0x7fc65481de50_0 .net/2u *"_ivl_62", 7 0, L_0x7fc6480402d8;  1 drivers
v0x7fc65481df00_0 .net *"_ivl_64", 0 0, L_0x7fc654822260;  1 drivers
L_0x7fc648040320 .functor BUFT 1, C4<0000000>, C4<0>, C4<0>, C4<0>;
v0x7fc65481dfa0_0 .net/2u *"_ivl_66", 6 0, L_0x7fc648040320;  1 drivers
v0x7fc65481e050_0 .net *"_ivl_68", 0 0, L_0x7fc654822410;  1 drivers
v0x7fc65481e0f0_0 .net "a", 15 0, v0x7fc65481ff70_0;  1 drivers
v0x7fc65481e1a0_0 .net "a_exp", 7 0, L_0x7fc654820dc0;  1 drivers
v0x7fc65481e250_0 .net "a_is_inf", 0 0, L_0x7fc654821a60;  1 drivers
v0x7fc65481e2f0_0 .net "a_is_nan", 0 0, L_0x7fc654821c50;  1 drivers
v0x7fc65481e390_0 .net "a_is_zero", 0 0, L_0x7fc654821410;  1 drivers
v0x7fc65481e430_0 .net "a_mant", 6 0, L_0x7fc654820f40;  1 drivers
v0x7fc65481e4e0_0 .net "a_sign", 0 0, L_0x7fc654820c60;  1 drivers
v0x7fc65481e580_0 .net "b", 15 0, v0x7fc654820040_0;  1 drivers
v0x7fc65481e630_0 .net "b_exp", 7 0, L_0x7fc654820e80;  1 drivers
v0x7fc65481dba0_0 .net "b_is_inf", 0 0, L_0x7fc654821d60;  1 drivers
v0x7fc65481e8c0_0 .net "b_is_nan", 0 0, L_0x7fc6548224b0;  1 drivers
v0x7fc65481e950_0 .net "b_is_zero", 0 0, L_0x7fc654821750;  1 drivers
v0x7fc65481e9e0_0 .net "b_mant", 6 0, L_0x7fc6548210b0;  1 drivers
v0x7fc65481ea70_0 .net "b_sign", 0 0, L_0x7fc654820d20;  1 drivers
v0x7fc65481eb10_0 .net "clk", 0 0, v0x7fc6548200f0_0;  1 drivers
v0x7fc65481ebb0_0 .var "result", 15 0;
v0x7fc65481ec60_0 .net "rst_n", 0 0, v0x7fc654820900_0;  1 drivers
v0x7fc65481ed00_0 .var "stage1_exp", 8 0;
v0x7fc65481edb0_0 .var "stage1_is_inf", 0 0;
v0x7fc65481ee50_0 .var "stage1_is_nan", 0 0;
v0x7fc65481eef0_0 .var "stage1_is_zero", 0 0;
v0x7fc65481ef90_0 .var "stage1_mant", 13 0;
v0x7fc65481f040_0 .var "stage1_sign", 0 0;
v0x7fc65481f0e0_0 .var "stage2_exp", 7 0;
v0x7fc65481f190_0 .var "stage2_is_inf", 0 0;
v0x7fc65481f230_0 .var "stage2_is_nan", 0 0;
v0x7fc65481f2d0_0 .var "stage2_is_zero", 0 0;
v0x7fc65481f370_0 .var "stage2_mant_full", 13 0;
v0x7fc65481f420_0 .var "stage2_sign", 0 0;
E_0x7fc65481cc30/0 .event negedge, v0x7fc65481ec60_0;
E_0x7fc65481cc30/1 .event posedge, v0x7fc65481eb10_0;
E_0x7fc65481cc30 .event/or E_0x7fc65481cc30/0, E_0x7fc65481cc30/1;
L_0x7fc654820c60 .part v0x7fc65481ff70_0, 15, 1;
L_0x7fc654820d20 .part v0x7fc654820040_0, 15, 1;
L_0x7fc654820dc0 .part v0x7fc65481ff70_0, 7, 8;
L_0x7fc654820e80 .part v0x7fc654820040_0, 7, 8;
L_0x7fc654820f40 .part v0x7fc65481ff70_0, 0, 7;
L_0x7fc6548210b0 .part v0x7fc654820040_0, 0, 7;
L_0x7fc6548211d0 .cmp/eq 8, L_0x7fc654820dc0, L_0x7fc648040008;
L_0x7fc6548212f0 .cmp/eq 7, L_0x7fc654820f40, L_0x7fc648040050;
L_0x7fc654821500 .cmp/eq 8, L_0x7fc654820e80, L_0x7fc648040098;
L_0x7fc654821670 .cmp/eq 7, L_0x7fc6548210b0, L_0x7fc6480400e0;
L_0x7fc654821880 .cmp/eq 8, L_0x7fc654820dc0, L_0x7fc648040128;
L_0x7fc6548219c0 .cmp/eq 7, L_0x7fc654820f40, L_0x7fc648040170;
L_0x7fc654821b50 .cmp/eq 8, L_0x7fc654820e80, L_0x7fc6480401b8;
L_0x7fc654821cc0 .cmp/eq 7, L_0x7fc6548210b0, L_0x7fc648040200;
L_0x7fc654821ef0 .cmp/eq 8, L_0x7fc654820dc0, L_0x7fc648040248;
L_0x7fc654822090 .cmp/ne 7, L_0x7fc654820f40, L_0x7fc648040290;
L_0x7fc654822260 .cmp/eq 8, L_0x7fc654820e80, L_0x7fc6480402d8;
L_0x7fc654822410 .cmp/ne 7, L_0x7fc6548210b0, L_0x7fc648040320;
S_0x7fc65481cc70 .scope begin, "$unm_blk_20" "$unm_blk_20" 4 142, 4 142 0, S_0x7fc65481c9e0;
 .timescale 0 0;
v0x7fc65481ce40_0 .var "norm_exp", 8 0;
v0x7fc65481cf00_0 .var "norm_mant", 13 0;
S_0x7fc65481f540 .scope task, "init_test_cases" "init_test_cases" 3 107, 3 107 0, S_0x7fc65480c060;
 .timescale -9 -12;
TD_bf16_multiplier_tb.init_test_cases ;
    %pushi/vec4 16256, 0, 16;
    %store/vec4 v0x7fc65481fe10_0, 0, 16;
    %pushi/vec4 16384, 0, 16;
    %store/vec4 v0x7fc65481fec0_0, 0, 16;
    %pushi/vec4 16384, 0, 16;
    %store/vec4 v0x7fc65481fd70_0, 0, 16;
    %pushi/vec4 0, 0, 2;
    %store/vec4 v0x7fc65481fcb0_0, 0, 2;
    %fork TD_bf16_multiplier_tb.run_test_case, S_0x7fc65481fab0;
    %join;
    %pushi/vec4 49024, 0, 16;
    %store/vec4 v0x7fc65481fe10_0, 0, 16;
    %pushi/vec4 16384, 0, 16;
    %store/vec4 v0x7fc65481fec0_0, 0, 16;
    %pushi/vec4 49152, 0, 16;
    %store/vec4 v0x7fc65481fd70_0, 0, 16;
    %pushi/vec4 0, 0, 2;
    %store/vec4 v0x7fc65481fcb0_0, 0, 2;
    %fork TD_bf16_multiplier_tb.run_test_case, S_0x7fc65481fab0;
    %join;
    %pushi/vec4 16128, 0, 16;
    %store/vec4 v0x7fc65481fe10_0, 0, 16;
    %pushi/vec4 16128, 0, 16;
    %store/vec4 v0x7fc65481fec0_0, 0, 16;
    %pushi/vec4 16000, 0, 16;
    %store/vec4 v0x7fc65481fd70_0, 0, 16;
    %pushi/vec4 0, 0, 2;
    %store/vec4 v0x7fc65481fcb0_0, 0, 2;
    %fork TD_bf16_multiplier_tb.run_test_case, S_0x7fc65481fab0;
    %join;
    %pushi/vec4 0, 0, 16;
    %store/vec4 v0x7fc65481fe10_0, 0, 16;
    %pushi/vec4 16256, 0, 16;
    %store/vec4 v0x7fc65481fec0_0, 0, 16;
    %pushi/vec4 0, 0, 16;
    %store/vec4 v0x7fc65481fd70_0, 0, 16;
    %pushi/vec4 1, 0, 2;
    %store/vec4 v0x7fc65481fcb0_0, 0, 2;
    %fork TD_bf16_multiplier_tb.run_test_case, S_0x7fc65481fab0;
    %join;
    %pushi/vec4 32640, 0, 16;
    %store/vec4 v0x7fc65481fe10_0, 0, 16;
    %pushi/vec4 16256, 0, 16;
    %store/vec4 v0x7fc65481fec0_0, 0, 16;
    %pushi/vec4 32640, 0, 16;
    %store/vec4 v0x7fc65481fd70_0, 0, 16;
    %pushi/vec4 1, 0, 2;
    %store/vec4 v0x7fc65481fcb0_0, 0, 2;
    %fork TD_bf16_multiplier_tb.run_test_case, S_0x7fc65481fab0;
    %join;
    %pushi/vec4 32704, 0, 16;
    %store/vec4 v0x7fc65481fe10_0, 0, 16;
    %pushi/vec4 16256, 0, 16;
    %store/vec4 v0x7fc65481fec0_0, 0, 16;
    %pushi/vec4 32704, 0, 16;
    %store/vec4 v0x7fc65481fd70_0, 0, 16;
    %pushi/vec4 1, 0, 2;
    %store/vec4 v0x7fc65481fcb0_0, 0, 2;
    %fork TD_bf16_multiplier_tb.run_test_case, S_0x7fc65481fab0;
    %join;
    %pushi/vec4 32512, 0, 16;
    %store/vec4 v0x7fc65481fe10_0, 0, 16;
    %pushi/vec4 32512, 0, 16;
    %store/vec4 v0x7fc65481fec0_0, 0, 16;
    %pushi/vec4 32640, 0, 16;
    %store/vec4 v0x7fc65481fd70_0, 0, 16;
    %pushi/vec4 2, 0, 2;
    %store/vec4 v0x7fc65481fcb0_0, 0, 2;
    %fork TD_bf16_multiplier_tb.run_test_case, S_0x7fc65481fab0;
    %join;
    %pushi/vec4 128, 0, 16;
    %store/vec4 v0x7fc65481fe10_0, 0, 16;
    %pushi/vec4 128, 0, 16;
    %store/vec4 v0x7fc65481fec0_0, 0, 16;
    %pushi/vec4 0, 0, 16;
    %store/vec4 v0x7fc65481fd70_0, 0, 16;
    %pushi/vec4 2, 0, 2;
    %store/vec4 v0x7fc65481fcb0_0, 0, 2;
    %fork TD_bf16_multiplier_tb.run_test_case, S_0x7fc65481fab0;
    %join;
    %pushi/vec4 0, 0, 16;
    %store/vec4 v0x7fc65481fe10_0, 0, 16;
    %pushi/vec4 32640, 0, 16;
    %store/vec4 v0x7fc65481fec0_0, 0, 16;
    %pushi/vec4 32704, 0, 16;
    %store/vec4 v0x7fc65481fd70_0, 0, 16;
    %pushi/vec4 2, 0, 2;
    %store/vec4 v0x7fc65481fcb0_0, 0, 2;
    %fork TD_bf16_multiplier_tb.run_test_case, S_0x7fc65481fab0;
    %join;
    %end;
S_0x7fc65481f6b0 .scope task, "run_random_tests" "run_random_tests" 3 125, 3 125 0, S_0x7fc65480c060;
 .timescale -9 -12;
v0x7fc65481f8b0_0 .var/2s "i", 31 0;
v0x7fc65481f940_0 .var/2s "num_tests", 31 0;
v0x7fc65481f9f0_0 .var "rand_val", 31 0;
E_0x7fc65481f870 .event posedge, v0x7fc65481eb10_0;
TD_bf16_multiplier_tb.run_random_tests ;
    %vpi_call/w 3 130 "$display", "\012Running %0d random tests", v0x7fc65481f940_0 {0 0 0};
    %pushi/vec4 0, 0, 32;
    %store/vec4 v0x7fc65481f8b0_0, 0, 32;
T_2.22 ;
    %load/vec4 v0x7fc65481f8b0_0;
    %load/vec4 v0x7fc65481f940_0;
    %cmp/s;
    %jmp/0xz T_2.23, 5;
    %vpi_func 3 134 "$random" 32 {0 0 0};
    %store/vec4 v0x7fc65481f9f0_0, 0, 32;
    %load/vec4 v0x7fc65481f9f0_0;
    %parti/s 16, 0, 2;
    %store/vec4 v0x7fc65481ff70_0, 0, 16;
    %vpi_func 3 136 "$random" 32 {0 0 0};
    %store/vec4 v0x7fc65481f9f0_0, 0, 32;
    %load/vec4 v0x7fc65481f9f0_0;
    %parti/s 16, 0, 2;
    %store/vec4 v0x7fc654820040_0, 0, 16;
    %load/vec4 v0x7fc65481ff70_0;
    %load/vec4 v0x7fc654820040_0;
    %store/vec4 v0x7fc65481c330_0, 0, 16;
    %store/vec4 v0x7fc6548076b0_0, 0, 16;
    %callf/vec4 TD_bf16_multiplier_tb.calculate_bf16_multiply, S_0x7fc65480c1d0;
    %store/vec4 v0x7fc654820330_0, 0, 16;
    %load/vec4 v0x7fc65481ff70_0;
    %ix/load 4, 0, 0;
    %flag_set/imm 4, 0;
    %store/vec4a v0x7fc654820700, 4, 0;
    %load/vec4 v0x7fc654820040_0;
    %ix/load 4, 0, 0;
    %flag_set/imm 4, 0;
    %store/vec4a v0x7fc6548207a0, 4, 0;
    %pushi/vec4 3, 0, 32;
T_2.24 %dup/vec4;
    %pushi/vec4 0, 0, 32;
    %cmp/s;
    %jmp/1xz T_2.25, 5;
    %jmp/1 T_2.25, 4;
    %pushi/vec4 1, 0, 32;
    %sub;
    %wait E_0x7fc65481f870;
    %jmp T_2.24;
T_2.25 ;
    %pop/vec4 1;
    ; show_stmt_assign_vector: Get l-value for compressed += operand
    %load/vec4 v0x7fc654820540_0;
    %pushi/vec4 1, 0, 32;
    %add;
    %cast2;
    %store/vec4 v0x7fc654820540_0, 0, 32;
    %load/vec4 v0x7fc654820840_0;
    %load/vec4 v0x7fc654820330_0;
    %cmp/e;
    %jmp/0xz  T_2.26, 6;
    ; show_stmt_assign_vector: Get l-value for compressed += operand
    %load/vec4 v0x7fc654820650_0;
    %pushi/vec4 1, 0, 32;
    %add;
    %cast2;
    %store/vec4 v0x7fc654820650_0, 0, 32;
    ; show_stmt_assign_vector: Get l-value for compressed += operand
    %load/vec4 v0x7fc654820490_0;
    %pushi/vec4 1, 0, 32;
    %add;
    %cast2;
    %store/vec4 v0x7fc654820490_0, 0, 32;
    %jmp T_2.27;
T_2.26 ;
    %vpi_call/w 3 157 "$display", "Random test %0d failed:", v0x7fc65481f8b0_0 {0 0 0};
    %vpi_call/w 3 158 "$display", "  Time: %t", $time {0 0 0};
    %vpi_call/w 3 159 "$display", "  Input A: %h", v0x7fc65481ff70_0 {0 0 0};
    %vpi_call/w 3 160 "$display", "  Input B: %h", v0x7fc654820040_0 {0 0 0};
    %vpi_call/w 3 161 "$display", "  Expected: %h", v0x7fc654820330_0 {0 0 0};
    %vpi_call/w 3 162 "$display", "  Got: %h", v0x7fc654820840_0 {0 0 0};
    ; show_stmt_assign_vector: Get l-value for compressed += operand
    %load/vec4 v0x7fc6548203e0_0;
    %pushi/vec4 1, 0, 32;
    %add;
    %cast2;
    %store/vec4 v0x7fc6548203e0_0, 0, 32;
T_2.27 ;
    ; show_stmt_assign_vector: Get l-value for compressed += operand
    %load/vec4 v0x7fc654820ab0_0;
    %pushi/vec4 1, 0, 32;
    %add;
    %cast2;
    %store/vec4 v0x7fc654820ab0_0, 0, 32;
    ; show_stmt_assign_vector: Get l-value for compressed += operand
    %load/vec4 v0x7fc65481f8b0_0;
    %pushi/vec4 1, 0, 32;
    %add;
    %cast2;
    %store/vec4 v0x7fc65481f8b0_0, 0, 32;
    %jmp T_2.22;
T_2.23 ;
    %end;
S_0x7fc65481fab0 .scope task, "run_test_case" "run_test_case" 3 57, 3 57 0, S_0x7fc65480c060;
 .timescale -9 -12;
v0x7fc65481fcb0_0 .var "category", 1 0;
v0x7fc65481fd70_0 .var "expected", 15 0;
v0x7fc65481fe10_0 .var "test_a", 15 0;
v0x7fc65481fec0_0 .var "test_b", 15 0;
TD_bf16_multiplier_tb.run_test_case ;
    %vpi_call/w 3 63 "$display", "\012Running test case: A=%h, B=%h", v0x7fc65481fe10_0, v0x7fc65481fec0_0 {0 0 0};
    %load/vec4 v0x7fc65481fe10_0;
    %store/vec4 v0x7fc65481ff70_0, 0, 16;
    %load/vec4 v0x7fc65481fec0_0;
    %store/vec4 v0x7fc654820040_0, 0, 16;
    %load/vec4 v0x7fc65481fd70_0;
    %store/vec4 v0x7fc654820330_0, 0, 16;
    %load/vec4 v0x7fc65481ff70_0;
    %ix/load 4, 0, 0;
    %flag_set/imm 4, 0;
    %store/vec4a v0x7fc654820700, 4, 0;
    %load/vec4 v0x7fc654820040_0;
    %ix/load 4, 0, 0;
    %flag_set/imm 4, 0;
    %store/vec4a v0x7fc6548207a0, 4, 0;
    %pushi/vec4 3, 0, 32;
T_3.28 %dup/vec4;
    %pushi/vec4 0, 0, 32;
    %cmp/s;
    %jmp/1xz T_3.29, 5;
    %jmp/1 T_3.29, 4;
    %pushi/vec4 1, 0, 32;
    %sub;
    %wait E_0x7fc65481f870;
    %jmp T_3.28;
T_3.29 ;
    %pop/vec4 1;
    %load/vec4 v0x7fc65481fcb0_0;
    %dup/vec4;
    %pushi/vec4 0, 0, 2;
    %cmp/u;
    %jmp/1 T_3.30, 6;
    %dup/vec4;
    %pushi/vec4 1, 0, 2;
    %cmp/u;
    %jmp/1 T_3.31, 6;
    %dup/vec4;
    %pushi/vec4 2, 0, 2;
    %cmp/u;
    %jmp/1 T_3.32, 6;
    %jmp T_3.33;
T_3.30 ;
    ; show_stmt_assign_vector: Get l-value for compressed += operand
    %load/vec4 v0x7fc654820540_0;
    %pushi/vec4 1, 0, 32;
    %add;
    %cast2;
    %store/vec4 v0x7fc654820540_0, 0, 32;
    %jmp T_3.33;
T_3.31 ;
    ; show_stmt_assign_vector: Get l-value for compressed += operand
    %load/vec4 v0x7fc654820a20_0;
    %pushi/vec4 1, 0, 32;
    %add;
    %cast2;
    %store/vec4 v0x7fc654820a20_0, 0, 32;
    %jmp T_3.33;
T_3.32 ;
    ; show_stmt_assign_vector: Get l-value for compressed += operand
    %load/vec4 v0x7fc654820250_0;
    %pushi/vec4 1, 0, 32;
    %add;
    %cast2;
    %store/vec4 v0x7fc654820250_0, 0, 32;
    %jmp T_3.33;
T_3.33 ;
    %pop/vec4 1;
    %load/vec4 v0x7fc654820840_0;
    %load/vec4 v0x7fc654820330_0;
    %cmp/e;
    %jmp/0xz  T_3.34, 6;
    %vpi_call/w 3 84 "$display", "PASSED: A=%h, B=%h", v0x7fc65481ff70_0, v0x7fc654820040_0 {0 0 0};
    %vpi_call/w 3 85 "$display", "  Time: %t", $time {0 0 0};
    ; show_stmt_assign_vector: Get l-value for compressed += operand
    %load/vec4 v0x7fc654820650_0;
    %pushi/vec4 1, 0, 32;
    %add;
    %cast2;
    %store/vec4 v0x7fc654820650_0, 0, 32;
    %load/vec4 v0x7fc65481fcb0_0;
    %dup/vec4;
    %pushi/vec4 0, 0, 2;
    %cmp/u;
    %jmp/1 T_3.36, 6;
    %dup/vec4;
    %pushi/vec4 1, 0, 2;
    %cmp/u;
    %jmp/1 T_3.37, 6;
    %dup/vec4;
    %pushi/vec4 2, 0, 2;
    %cmp/u;
    %jmp/1 T_3.38, 6;
    %jmp T_3.39;
T_3.36 ;
    ; show_stmt_assign_vector: Get l-value for compressed += operand
    %load/vec4 v0x7fc654820490_0;
    %pushi/vec4 1, 0, 32;
    %add;
    %cast2;
    %store/vec4 v0x7fc654820490_0, 0, 32;
    %jmp T_3.39;
T_3.37 ;
    ; show_stmt_assign_vector: Get l-value for compressed += operand
    %load/vec4 v0x7fc654820990_0;
    %pushi/vec4 1, 0, 32;
    %add;
    %cast2;
    %store/vec4 v0x7fc654820990_0, 0, 32;
    %jmp T_3.39;
T_3.38 ;
    ; show_stmt_assign_vector: Get l-value for compressed += operand
    %load/vec4 v0x7fc6548201c0_0;
    %pushi/vec4 1, 0, 32;
    %add;
    %cast2;
    %store/vec4 v0x7fc6548201c0_0, 0, 32;
    %jmp T_3.39;
T_3.39 ;
    %pop/vec4 1;
    %jmp T_3.35;
T_3.34 ;
    %vpi_call/w 3 95 "$display", "FAILED: A=%h, B=%h", v0x7fc65481ff70_0, v0x7fc654820040_0 {0 0 0};
    %vpi_call/w 3 96 "$display", "  Time: %t", $time {0 0 0};
    %vpi_call/w 3 97 "$display", "  Input A: %h", v0x7fc65481ff70_0 {0 0 0};
    %vpi_call/w 3 98 "$display", "  Input B: %h", v0x7fc654820040_0 {0 0 0};
    %vpi_call/w 3 99 "$display", "  Expected: %h", v0x7fc654820330_0 {0 0 0};
    %vpi_call/w 3 100 "$display", "  Got: %h", v0x7fc654820840_0 {0 0 0};
    ; show_stmt_assign_vector: Get l-value for compressed += operand
    %load/vec4 v0x7fc6548203e0_0;
    %pushi/vec4 1, 0, 32;
    %add;
    %cast2;
    %store/vec4 v0x7fc6548203e0_0, 0, 32;
T_3.35 ;
    ; show_stmt_assign_vector: Get l-value for compressed += operand
    %load/vec4 v0x7fc654820ab0_0;
    %pushi/vec4 1, 0, 32;
    %add;
    %cast2;
    %store/vec4 v0x7fc654820ab0_0, 0, 32;
    %end;
    .scope S_0x7fc65481c9e0;
T_4 ;
    %wait E_0x7fc65481cc30;
    %load/vec4 v0x7fc65481ec60_0;
    %nor/r;
    %flag_set/vec4 8;
    %jmp/0xz  T_4.0, 8;
    %pushi/vec4 0, 0, 1;
    %assign/vec4 v0x7fc65481f040_0, 0;
    %pushi/vec4 0, 0, 9;
    %assign/vec4 v0x7fc65481ed00_0, 0;
    %pushi/vec4 0, 0, 14;
    %assign/vec4 v0x7fc65481ef90_0, 0;
    %pushi/vec4 0, 0, 1;
    %assign/vec4 v0x7fc65481eef0_0, 0;
    %pushi/vec4 0, 0, 1;
    %assign/vec4 v0x7fc65481edb0_0, 0;
    %pushi/vec4 0, 0, 1;
    %assign/vec4 v0x7fc65481ee50_0, 0;
    %jmp T_4.1;
T_4.0 ;
    %load/vec4 v0x7fc65481e0f0_0;
    %parti/s 1, 15, 5;
    %load/vec4 v0x7fc65481e580_0;
    %parti/s 1, 15, 5;
    %xor;
    %assign/vec4 v0x7fc65481f040_0, 0;
    %load/vec4 v0x7fc65481e2f0_0;
    %flag_set/vec4 8;
    %jmp/1 T_4.4, 8;
    %load/vec4 v0x7fc65481e8c0_0;
    %flag_set/vec4 9;
    %flag_or 8, 9;
T_4.4;
    %jmp/0xz  T_4.2, 8;
    %pushi/vec4 1, 0, 1;
    %assign/vec4 v0x7fc65481ee50_0, 0;
    %pushi/vec4 0, 0, 1;
    %assign/vec4 v0x7fc65481eef0_0, 0;
    %pushi/vec4 0, 0, 1;
    %assign/vec4 v0x7fc65481edb0_0, 0;
    %pushi/vec4 0, 0, 9;
    %assign/vec4 v0x7fc65481ed00_0, 0;
    %pushi/vec4 0, 0, 14;
    %assign/vec4 v0x7fc65481ef90_0, 0;
    %jmp T_4.3;
T_4.2 ;
    %load/vec4 v0x7fc65481e250_0;
    %flag_set/vec4 8;
    %jmp/1 T_4.7, 8;
    %load/vec4 v0x7fc65481dba0_0;
    %flag_set/vec4 9;
    %flag_or 8, 9;
T_4.7;
    %jmp/0xz  T_4.5, 8;
    %load/vec4 v0x7fc65481e390_0;
    %flag_set/vec4 8;
    %jmp/1 T_4.10, 8;
    %load/vec4 v0x7fc65481e950_0;
    %flag_set/vec4 9;
    %flag_or 8, 9;
T_4.10;
    %jmp/0xz  T_4.8, 8;
    %pushi/vec4 1, 0, 1;
    %assign/vec4 v0x7fc65481ee50_0, 0;
    %pushi/vec4 0, 0, 1;
    %assign/vec4 v0x7fc65481eef0_0, 0;
    %pushi/vec4 0, 0, 1;
    %assign/vec4 v0x7fc65481edb0_0, 0;
    %jmp T_4.9;
T_4.8 ;
    %pushi/vec4 1, 0, 1;
    %assign/vec4 v0x7fc65481edb0_0, 0;
    %pushi/vec4 0, 0, 1;
    %assign/vec4 v0x7fc65481eef0_0, 0;
    %pushi/vec4 0, 0, 1;
    %assign/vec4 v0x7fc65481ee50_0, 0;
T_4.9 ;
    %pushi/vec4 0, 0, 9;
    %assign/vec4 v0x7fc65481ed00_0, 0;
    %pushi/vec4 0, 0, 14;
    %assign/vec4 v0x7fc65481ef90_0, 0;
    %jmp T_4.6;
T_4.5 ;
    %load/vec4 v0x7fc65481e390_0;
    %flag_set/vec4 8;
    %jmp/1 T_4.13, 8;
    %load/vec4 v0x7fc65481e950_0;
    %flag_set/vec4 9;
    %flag_or 8, 9;
T_4.13;
    %jmp/0xz  T_4.11, 8;
    %pushi/vec4 1, 0, 1;
    %assign/vec4 v0x7fc65481eef0_0, 0;
    %pushi/vec4 0, 0, 1;
    %assign/vec4 v0x7fc65481edb0_0, 0;
    %pushi/vec4 0, 0, 1;
    %assign/vec4 v0x7fc65481ee50_0, 0;
    %pushi/vec4 0, 0, 9;
    %assign/vec4 v0x7fc65481ed00_0, 0;
    %pushi/vec4 0, 0, 14;
    %assign/vec4 v0x7fc65481ef90_0, 0;
    %jmp T_4.12;
T_4.11 ;
    %pushi/vec4 0, 0, 1;
    %assign/vec4 v0x7fc65481eef0_0, 0;
    %pushi/vec4 0, 0, 1;
    %assign/vec4 v0x7fc65481edb0_0, 0;
    %pushi/vec4 0, 0, 1;
    %assign/vec4 v0x7fc65481ee50_0, 0;
    %pushi/vec4 1, 0, 1;
    %load/vec4 v0x7fc65481e430_0;
    %concat/vec4; draw_concat_vec4
    %pad/u 14;
    %pushi/vec4 1, 0, 1;
    %load/vec4 v0x7fc65481e9e0_0;
    %concat/vec4; draw_concat_vec4
    %pad/u 14;
    %mul;
    %assign/vec4 v0x7fc65481ef90_0, 0;
    %load/vec4 v0x7fc65481e1a0_0;
    %pad/u 32;
    %cmpi/e 0, 0, 32;
    %flag_get/vec4 4;
    %jmp/0 T_4.16, 4;
    %load/vec4 v0x7fc65481e630_0;
    %pad/u 32;
    %pushi/vec4 0, 0, 32;
    %cmp/e;
    %flag_get/vec4 4;
    %and;
T_4.16;
    %flag_set/vec4 8;
    %jmp/0xz  T_4.14, 8;
    %pushi/vec4 0, 0, 9;
    %assign/vec4 v0x7fc65481ed00_0, 0;
    %jmp T_4.15;
T_4.14 ;
    %load/vec4 v0x7fc65481e1a0_0;
    %pad/u 32;
    %cmpi/e 0, 0, 32;
    %jmp/0xz  T_4.17, 4;
    %pushi/vec4 0, 0, 1;
    %load/vec4 v0x7fc65481e630_0;
    %concat/vec4; draw_concat_vec4
    %subi 127, 0, 9;
    %assign/vec4 v0x7fc65481ed00_0, 0;
    %jmp T_4.18;
T_4.17 ;
    %load/vec4 v0x7fc65481e630_0;
    %pad/u 32;
    %cmpi/e 0, 0, 32;
    %jmp/0xz  T_4.19, 4;
    %pushi/vec4 0, 0, 1;
    %load/vec4 v0x7fc65481e1a0_0;
    %concat/vec4; draw_concat_vec4
    %subi 127, 0, 9;
    %assign/vec4 v0x7fc65481ed00_0, 0;
    %jmp T_4.20;
T_4.19 ;
    %pushi/vec4 0, 0, 1;
    %load/vec4 v0x7fc65481e1a0_0;
    %concat/vec4; draw_concat_vec4
    %pushi/vec4 0, 0, 1;
    %load/vec4 v0x7fc65481e630_0;
    %concat/vec4; draw_concat_vec4
    %add;
    %subi 127, 0, 9;
    %assign/vec4 v0x7fc65481ed00_0, 0;
T_4.20 ;
T_4.18 ;
T_4.15 ;
T_4.12 ;
T_4.6 ;
T_4.3 ;
T_4.1 ;
    %jmp T_4;
    .thread T_4;
    .scope S_0x7fc65481c9e0;
T_5 ;
    %wait E_0x7fc65481cc30;
    %load/vec4 v0x7fc65481ec60_0;
    %nor/r;
    %flag_set/vec4 8;
    %jmp/0xz  T_5.0, 8;
    %pushi/vec4 0, 0, 1;
    %assign/vec4 v0x7fc65481f420_0, 0;
    %pushi/vec4 0, 0, 8;
    %assign/vec4 v0x7fc65481f0e0_0, 0;
    %pushi/vec4 0, 0, 14;
    %assign/vec4 v0x7fc65481f370_0, 0;
    %pushi/vec4 0, 0, 1;
    %assign/vec4 v0x7fc65481f2d0_0, 0;
    %pushi/vec4 0, 0, 1;
    %assign/vec4 v0x7fc65481f190_0, 0;
    %pushi/vec4 0, 0, 1;
    %assign/vec4 v0x7fc65481f230_0, 0;
    %jmp T_5.1;
T_5.0 ;
    %load/vec4 v0x7fc65481f040_0;
    %assign/vec4 v0x7fc65481f420_0, 0;
    %load/vec4 v0x7fc65481ee50_0;
    %assign/vec4 v0x7fc65481f230_0, 0;
    %load/vec4 v0x7fc65481ee50_0;
    %flag_set/vec4 8;
    %jmp/0xz  T_5.2, 8;
    %pushi/vec4 255, 0, 8;
    %assign/vec4 v0x7fc65481f0e0_0, 0;
    %pushi/vec4 8192, 0, 14;
    %assign/vec4 v0x7fc65481f370_0, 0;
    %pushi/vec4 0, 0, 1;
    %assign/vec4 v0x7fc65481f2d0_0, 0;
    %pushi/vec4 0, 0, 1;
    %assign/vec4 v0x7fc65481f190_0, 0;
    %jmp T_5.3;
T_5.2 ;
    %load/vec4 v0x7fc65481edb0_0;
    %flag_set/vec4 8;
    %jmp/0xz  T_5.4, 8;
    %pushi/vec4 255, 0, 8;
    %assign/vec4 v0x7fc65481f0e0_0, 0;
    %pushi/vec4 0, 0, 14;
    %assign/vec4 v0x7fc65481f370_0, 0;
    %pushi/vec4 0, 0, 1;
    %assign/vec4 v0x7fc65481f2d0_0, 0;
    %pushi/vec4 1, 0, 1;
    %assign/vec4 v0x7fc65481f190_0, 0;
    %jmp T_5.5;
T_5.4 ;
    %load/vec4 v0x7fc65481eef0_0;
    %flag_set/vec4 8;
    %jmp/1 T_5.8, 8;
    %load/vec4 v0x7fc65481ef90_0;
    %pad/u 32;
    %cmpi/e 0, 0, 32;
    %flag_or 8, 4;
T_5.8;
    %jmp/0xz  T_5.6, 8;
    %pushi/vec4 0, 0, 8;
    %assign/vec4 v0x7fc65481f0e0_0, 0;
    %pushi/vec4 0, 0, 14;
    %assign/vec4 v0x7fc65481f370_0, 0;
    %pushi/vec4 1, 0, 1;
    %assign/vec4 v0x7fc65481f2d0_0, 0;
    %pushi/vec4 0, 0, 1;
    %assign/vec4 v0x7fc65481f190_0, 0;
    %jmp T_5.7;
T_5.6 ;
    %fork t_1, S_0x7fc65481cc70;
    %jmp t_0;
    .scope S_0x7fc65481cc70;
t_1 ;
    %load/vec4 v0x7fc65481ef90_0;
    %store/vec4 v0x7fc65481cf00_0, 0, 14;
    %load/vec4 v0x7fc65481ed00_0;
    %store/vec4 v0x7fc65481ce40_0, 0, 9;
    %load/vec4 v0x7fc65481cf00_0;
    %parti/s 1, 13, 5;
    %flag_set/vec4 8;
    %jmp/0xz  T_5.9, 8;
    %load/vec4 v0x7fc65481cf00_0;
    %ix/load 4, 1, 0;
    %flag_set/imm 4, 0;
    %shiftr 4;
    %store/vec4 v0x7fc65481cf00_0, 0, 14;
    %load/vec4 v0x7fc65481ce40_0;
    %addi 1, 0, 9;
    %store/vec4 v0x7fc65481ce40_0, 0, 9;
T_5.9 ;
    %load/vec4 v0x7fc65481ce40_0;
    %cmpi/u 128, 0, 9;
    %flag_inv 5; GE is !LT
    %jmp/0xz  T_5.11, 5;
    %pushi/vec4 255, 0, 8;
    %assign/vec4 v0x7fc65481f0e0_0, 0;
    %pushi/vec4 0, 0, 14;
    %assign/vec4 v0x7fc65481f370_0, 0;
    %pushi/vec4 1, 0, 1;
    %assign/vec4 v0x7fc65481f190_0, 0;
    %pushi/vec4 0, 0, 1;
    %assign/vec4 v0x7fc65481f2d0_0, 0;
    %jmp T_5.12;
T_5.11 ;
    %load/vec4 v0x7fc65481ce40_0;
    %pad/u 32;
    %cmpi/e 0, 0, 32;
    %jmp/0xz  T_5.13, 4;
    %pushi/vec4 0, 0, 8;
    %assign/vec4 v0x7fc65481f0e0_0, 0;
    %pushi/vec4 0, 0, 14;
    %assign/vec4 v0x7fc65481f370_0, 0;
    %pushi/vec4 1, 0, 1;
    %assign/vec4 v0x7fc65481f2d0_0, 0;
    %pushi/vec4 0, 0, 1;
    %assign/vec4 v0x7fc65481f190_0, 0;
    %jmp T_5.14;
T_5.13 ;
    %load/vec4 v0x7fc65481ce40_0;
    %parti/s 8, 0, 2;
    %assign/vec4 v0x7fc65481f0e0_0, 0;
    %load/vec4 v0x7fc65481cf00_0;
    %assign/vec4 v0x7fc65481f370_0, 0;
    %pushi/vec4 0, 0, 1;
    %assign/vec4 v0x7fc65481f2d0_0, 0;
    %pushi/vec4 0, 0, 1;
    %assign/vec4 v0x7fc65481f190_0, 0;
T_5.14 ;
T_5.12 ;
    %end;
    .scope S_0x7fc65481c9e0;
t_0 %join;
T_5.7 ;
T_5.5 ;
T_5.3 ;
T_5.1 ;
    %jmp T_5;
    .thread T_5;
    .scope S_0x7fc65481c9e0;
T_6 ;
    %wait E_0x7fc65481cc30;
    %load/vec4 v0x7fc65481ec60_0;
    %nor/r;
    %flag_set/vec4 8;
    %jmp/0xz  T_6.0, 8;
    %pushi/vec4 0, 0, 16;
    %assign/vec4 v0x7fc65481ebb0_0, 0;
    %jmp T_6.1;
T_6.0 ;
    %load/vec4 v0x7fc65481f230_0;
    %flag_set/vec4 8;
    %jmp/0xz  T_6.2, 8;
    %pushi/vec4 32704, 0, 16;
    %assign/vec4 v0x7fc65481ebb0_0, 0;
    %jmp T_6.3;
T_6.2 ;
    %load/vec4 v0x7fc65481f190_0;
    %flag_set/vec4 8;
    %jmp/0xz  T_6.4, 8;
    %load/vec4 v0x7fc65481f420_0;
    %concati/vec4 255, 0, 8;
    %concati/vec4 0, 0, 7;
    %assign/vec4 v0x7fc65481ebb0_0, 0;
    %jmp T_6.5;
T_6.4 ;
    %load/vec4 v0x7fc65481f2d0_0;
    %flag_set/vec4 8;
    %jmp/0xz  T_6.6, 8;
    %load/vec4 v0x7fc65481f420_0;
    %concati/vec4 0, 0, 8;
    %concati/vec4 0, 0, 7;
    %assign/vec4 v0x7fc65481ebb0_0, 0;
    %jmp T_6.7;
T_6.6 ;
    %load/vec4 v0x7fc65481f420_0;
    %load/vec4 v0x7fc65481f0e0_0;
    %concat/vec4; draw_concat_vec4
    %load/vec4 v0x7fc65481f370_0;
    %parti/s 7, 6, 4;
    %concat/vec4; draw_concat_vec4
    %assign/vec4 v0x7fc65481ebb0_0, 0;
T_6.7 ;
T_6.5 ;
T_6.3 ;
T_6.1 ;
    %jmp T_6;
    .thread T_6;
    .scope S_0x7fc65480c060;
T_7 ;
    %pushi/vec4 0, 0, 1;
    %store/vec4 v0x7fc6548200f0_0, 0, 1;
T_7.0 ;
    %delay 5000, 0;
    %load/vec4 v0x7fc6548200f0_0;
    %inv;
    %store/vec4 v0x7fc6548200f0_0, 0, 1;
    %jmp T_7.0;
    %end;
    .thread T_7;
    .scope S_0x7fc65480c060;
T_8 ;
    %vpi_call/w 3 52 "$dumpfile", "dump.vcd" {0 0 0};
    %vpi_call/w 3 53 "$dumpvars", 32'sb00000000000000000000000000000000, S_0x7fc65480c060 {0 0 0};
    %end;
    .thread T_8;
    .scope S_0x7fc65480c060;
T_9 ;
    %pushi/vec4 0, 0, 1;
    %store/vec4 v0x7fc654820900_0, 0, 1;
    %pushi/vec4 0, 0, 16;
    %store/vec4 v0x7fc65481ff70_0, 0, 16;
    %pushi/vec4 0, 0, 16;
    %store/vec4 v0x7fc654820040_0, 0, 16;
    %pushi/vec4 0, 0, 32;
    %store/vec4 v0x7fc654820ab0_0, 0, 32;
    %pushi/vec4 0, 0, 32;
    %store/vec4 v0x7fc654820650_0, 0, 32;
    %pushi/vec4 0, 0, 32;
    %store/vec4 v0x7fc6548203e0_0, 0, 32;
    %pushi/vec4 0, 0, 32;
    %store/vec4 v0x7fc654820490_0, 0, 32;
    %pushi/vec4 0, 0, 32;
    %store/vec4 v0x7fc654820540_0, 0, 32;
    %pushi/vec4 0, 0, 32;
    %store/vec4 v0x7fc654820990_0, 0, 32;
    %pushi/vec4 0, 0, 32;
    %store/vec4 v0x7fc654820a20_0, 0, 32;
    %pushi/vec4 0, 0, 32;
    %store/vec4 v0x7fc6548201c0_0, 0, 32;
    %pushi/vec4 0, 0, 32;
    %store/vec4 v0x7fc654820250_0, 0, 32;
    %pushi/vec4 4, 0, 32;
T_9.0 %dup/vec4;
    %pushi/vec4 0, 0, 32;
    %cmp/s;
    %jmp/1xz T_9.1, 5;
    %jmp/1 T_9.1, 4;
    %pushi/vec4 1, 0, 32;
    %sub;
    %wait E_0x7fc65481f870;
    %jmp T_9.0;
T_9.1 ;
    %pop/vec4 1;
    %pushi/vec4 1, 0, 1;
    %store/vec4 v0x7fc654820900_0, 0, 1;
    %pushi/vec4 2, 0, 32;
T_9.2 %dup/vec4;
    %pushi/vec4 0, 0, 32;
    %cmp/s;
    %jmp/1xz T_9.3, 5;
    %jmp/1 T_9.3, 4;
    %pushi/vec4 1, 0, 32;
    %sub;
    %wait E_0x7fc65481f870;
    %jmp T_9.2;
T_9.3 ;
    %pop/vec4 1;
    %vpi_call/w 3 191 "$display", "\012=== Running Basic Tests ===" {0 0 0};
    %fork TD_bf16_multiplier_tb.init_test_cases, S_0x7fc65481f540;
    %join;
    %vpi_call/w 3 195 "$display", "\012=== Basic Test Results ===" {0 0 0};
    %vpi_call/w 3 196 "$display", "Normal Tests: %0d/%0d passed", v0x7fc654820490_0, v0x7fc654820540_0 {0 0 0};
    %vpi_call/w 3 197 "$display", "Special Tests: %0d/%0d passed", v0x7fc654820990_0, v0x7fc654820a20_0 {0 0 0};
    %vpi_call/w 3 198 "$display", "Edge Tests: %0d/%0d passed", v0x7fc6548201c0_0, v0x7fc654820250_0 {0 0 0};
    %load/vec4 v0x7fc654820490_0;
    %load/vec4 v0x7fc654820540_0;
    %cmp/e;
    %flag_get/vec4 4;
    %jmp/0 T_9.7, 4;
    %load/vec4 v0x7fc654820990_0;
    %load/vec4 v0x7fc654820a20_0;
    %cmp/e;
    %flag_get/vec4 4;
    %and;
T_9.7;
    %flag_set/vec4 9;
    %flag_get/vec4 9;
    %jmp/0 T_9.6, 9;
    %load/vec4 v0x7fc6548201c0_0;
    %load/vec4 v0x7fc654820250_0;
    %cmp/e;
    %flag_get/vec4 4;
    %and;
T_9.6;
    %flag_set/vec4 8;
    %jmp/0xz  T_9.4, 8;
    %vpi_call/w 3 205 "$display", "\012=== Running Random Tests ===" {0 0 0};
    %pushi/vec4 500, 0, 32;
    %store/vec4 v0x7fc65481f940_0, 0, 32;
    %fork TD_bf16_multiplier_tb.run_random_tests, S_0x7fc65481f6b0;
    %join;
    %jmp T_9.5;
T_9.4 ;
    %vpi_call/w 3 208 "$display", "\012=== Skipping Random Tests - Basic Tests Failed ===" {0 0 0};
T_9.5 ;
    %vpi_call/w 3 212 "$display", "\012=== Final Test Summary ===" {0 0 0};
    %vpi_call/w 3 213 "$display", "Basic Tests:" {0 0 0};
    %vpi_call/w 3 214 "$display", "  Normal Tests: %0d/%0d passed", v0x7fc654820490_0, v0x7fc654820540_0 {0 0 0};
    %vpi_call/w 3 215 "$display", "  Special Tests: %0d/%0d passed", v0x7fc654820990_0, v0x7fc654820a20_0 {0 0 0};
    %vpi_call/w 3 216 "$display", "  Edge Tests: %0d/%0d passed", v0x7fc6548201c0_0, v0x7fc654820250_0 {0 0 0};
    %vpi_call/w 3 217 "$display", "Total Tests: %0d", v0x7fc654820ab0_0 {0 0 0};
    %vpi_call/w 3 218 "$display", "Total Passed: %0d", v0x7fc654820650_0 {0 0 0};
    %vpi_call/w 3 219 "$display", "Total Failed: %0d", v0x7fc6548203e0_0 {0 0 0};
    %delay 100000, 0;
    %vpi_call/w 3 223 "$finish" {0 0 0};
    %end;
    .thread T_9;
    .scope S_0x7fc65480c060;
T_10 ;
    %vpi_call/w 3 290 "$monitor", "Time=%0t rst_n=%b a=%h b=%h result=%h", $time, v0x7fc654820900_0, v0x7fc65481ff70_0, v0x7fc654820040_0, v0x7fc654820840_0 {0 0 0};
    %end;
    .thread T_10;
# The file index is used to find the file name in the following table.
:file_names 5;
    "N/A";
    "<interactive>";
    "-";
    "bf16_multiplier_tb.sv";
    "../mac_array/bf16_multiplier.v";
